<?xml version="1.0" encoding="UTF-8"?>
<!-- Generated by org.testng.reporters.JUnitReportReporter -->
<testsuite hostname="Dinesh" failures="0" tests="3" name="SelFrameWork.StandaloneTest" time="22.366" errors="0" timestamp="2025-10-12T14:25:39 IST" skipped="0">
  <testcase classname="SelFrameWork.StandaloneTest" name="submitOrderTest" time="6.816"/>
  <testcase classname="SelFrameWork.StandaloneTest" name="submitOrderTest" time="8.774"/>
  <testcase classname="SelFrameWork.StandaloneTest" name="productConfirmation" time="6.776"/>
</testsuite> <!-- SelFrameWork.StandaloneTest -->
