<?xml version="1.0" encoding="UTF-8"?>
<!-- Generated by org.testng.reporters.JUnitReportReporter -->
<testsuite hostname="Dinesh" failures="0" tests="3" name="SelFrameWork.StandaloneTest" time="25.971" errors="0" timestamp="2025-10-15T23:45:27 IST" skipped="0">
  <testcase classname="SelFrameWork.StandaloneTest" name="submitOrderTest" time="9.865"/>
  <testcase classname="SelFrameWork.StandaloneTest" name="submitOrderTest" time="9.724"/>
  <testcase classname="SelFrameWork.StandaloneTest" name="productConfirmation" time="6.382"/>
</testsuite> <!-- SelFrameWork.StandaloneTest -->
