<?xml version="1.0" encoding="UTF-8"?>
<!-- Generated by org.testng.reporters.JUnitReportReporter -->
<testsuite hostname="Dinesh" failures="0" tests="3" name="SelFrameWork.StandaloneTest" time="19.216" errors="0" timestamp="2025-10-13T12:27:20 IST" skipped="0">
  <testcase classname="SelFrameWork.StandaloneTest" name="submitOrderTest" time="8.294"/>
  <testcase classname="SelFrameWork.StandaloneTest" name="submitOrderTest" time="7.344"/>
  <testcase classname="SelFrameWork.StandaloneTest" name="productConfirmation" time="3.578"/>
</testsuite> <!-- SelFrameWork.StandaloneTest -->
